Assembler report for de2i_150_qsys_pcie
Tue Jul 12 10:45:24 2016
Quartus II 64-Bit Version 14.1.0 Build 186 12/03/2014 SJ Web Edition


---------------------
; Table of Contents ;
---------------------
  1. Legal Notice
  2. Assembler Summary
  3. Assembler Settings
  4. Assembler Encrypted IP Cores Summary
  5. Assembler Generated Files
  6. Assembler Device Options: C:/Users/nguyenhhce/Documents/GitHub/LV_Blast_1/PCIE_Fundamental/de2i_150_qsys_pcie.sof
  7. Assembler Device Options: C:/Users/nguyenhhce/Documents/GitHub/LV_Blast_1/PCIE_Fundamental/de2i_150_qsys_pcie.pof
  8. Assembler Messages



----------------
; Legal Notice ;
----------------
Copyright (C) 1991-2014 Altera Corporation. All rights reserved.
Your use of Altera Corporation's design tools, logic functions 
and other software and tools, and its AMPP partner logic 
functions, and any output files from any of the foregoing 
(including device programming or simulation files), and any 
associated documentation or information are expressly subject 
to the terms and conditions of the Altera Program License 
Subscription Agreement, the Altera Quartus II License Agreement,
the Altera MegaCore Function License Agreement, or other 
applicable license agreement, including, without limitation, 
that your use is for the sole purpose of programming logic 
devices manufactured by Altera and sold by Altera or its 
authorized distributors.  Please refer to the applicable 
agreement for further details.



+---------------------------------------------------------------+
; Assembler Summary                                             ;
+-----------------------+---------------------------------------+
; Assembler Status      ; Successful - Tue Jul 12 10:45:24 2016 ;
; Revision Name         ; de2i_150_qsys_pcie                    ;
; Top-level Entity Name ; de2i_150_qsys_pcie                    ;
; Family                ; Cyclone IV GX                         ;
; Device                ; EP4CGX150DF31C7                       ;
+-----------------------+---------------------------------------+


+----------------------------------+
; Assembler Settings               ;
+--------+---------+---------------+
; Option ; Setting ; Default Value ;
+--------+---------+---------------+


+------------------------------------------------+
; Assembler Encrypted IP Cores Summary           ;
+--------+------------------------+--------------+
; Vendor ; IP Core Name           ; License Type ;
+--------+------------------------+--------------+
; Altera ; Signal Tap (6AF7 BCE1) ; Licensed     ;
; Altera ; Signal Tap (6AF7 BCEC) ; Licensed     ;
; Altera ; Signal Tap (6AF8 BCEC) ; Licensed     ;
+--------+------------------------+--------------+


+-----------------------------------------------------------------------------------------+
; Assembler Generated Files                                                               ;
+-----------------------------------------------------------------------------------------+
; File Name                                                                               ;
+-----------------------------------------------------------------------------------------+
; C:/Users/nguyenhhce/Documents/GitHub/LV_Blast_1/PCIE_Fundamental/de2i_150_qsys_pcie.sof ;
; C:/Users/nguyenhhce/Documents/GitHub/LV_Blast_1/PCIE_Fundamental/de2i_150_qsys_pcie.pof ;
+-----------------------------------------------------------------------------------------+


+-------------------------------------------------------------------------------------------------------------------+
; Assembler Device Options: C:/Users/nguyenhhce/Documents/GitHub/LV_Blast_1/PCIE_Fundamental/de2i_150_qsys_pcie.sof ;
+----------------+--------------------------------------------------------------------------------------------------+
; Option         ; Setting                                                                                          ;
+----------------+--------------------------------------------------------------------------------------------------+
; Device         ; EP4CGX150DF31C7                                                                                  ;
; JTAG usercode  ; 0xFFFFFFFF                                                                                       ;
; Checksum       ; 0x02624F3F                                                                                       ;
+----------------+--------------------------------------------------------------------------------------------------+


+-------------------------------------------------------------------------------------------------------------------+
; Assembler Device Options: C:/Users/nguyenhhce/Documents/GitHub/LV_Blast_1/PCIE_Fundamental/de2i_150_qsys_pcie.pof ;
+--------------------+----------------------------------------------------------------------------------------------+
; Option             ; Setting                                                                                      ;
+--------------------+----------------------------------------------------------------------------------------------+
; Device             ; EPCS64                                                                                       ;
; JTAG usercode      ; 0x00000000                                                                                   ;
; Checksum           ; 0x68C67737                                                                                   ;
; Compression Ratio  ; 2                                                                                            ;
+--------------------+----------------------------------------------------------------------------------------------+


+--------------------+
; Assembler Messages ;
+--------------------+
Info: *******************************************************************
Info: Running Quartus II 64-Bit Assembler
    Info: Version 14.1.0 Build 186 12/03/2014 SJ Web Edition
    Info: Processing started: Tue Jul 12 10:44:56 2016
Info: Command: quartus_asm --read_settings_files=off --write_settings_files=off de2i_150_qsys_pcie -c de2i_150_qsys_pcie
Info (115031): Writing out detailed assembly data for power analysis
Info (115030): Assembler is generating device programming files
Info: Quartus II 64-Bit Assembler was successful. 0 errors, 0 warnings
    Info: Peak virtual memory: 825 megabytes
    Info: Processing ended: Tue Jul 12 10:45:25 2016
    Info: Elapsed time: 00:00:29
    Info: Total CPU time (on all processors): 00:00:29


