Flow report for de2i_150_qsys_pcie
Tue Jul 12 10:58:42 2016
Quartus II 64-Bit Version 14.1.0 Build 186 12/03/2014 SJ Web Edition


---------------------
; Table of Contents ;
---------------------
  1. Legal Notice
  2. Flow Summary
  3. Flow Settings
  4. Flow Non-Default Global Settings
  5. Flow Elapsed Time
  6. Flow OS Summary
  7. Flow Log
  8. Flow Messages
  9. Flow Suppressed Messages



----------------
; Legal Notice ;
----------------
Copyright (C) 1991-2014 Altera Corporation. All rights reserved.
Your use of Altera Corporation's design tools, logic functions 
and other software and tools, and its AMPP partner logic 
functions, and any output files from any of the foregoing 
(including device programming or simulation files), and any 
associated documentation or information are expressly subject 
to the terms and conditions of the Altera Program License 
Subscription Agreement, the Altera Quartus II License Agreement,
the Altera MegaCore Function License Agreement, or other 
applicable license agreement, including, without limitation, 
that your use is for the sole purpose of programming logic 
devices manufactured by Altera and sold by Altera or its 
authorized distributors.  Please refer to the applicable 
agreement for further details.



+---------------------------------------------------------------------------------+
; Flow Summary                                                                    ;
+------------------------------------+--------------------------------------------+
; Flow Status                        ; Successful - Tue Jul 12 10:58:39 2016      ;
; Quartus II 64-Bit Version          ; 14.1.0 Build 186 12/03/2014 SJ Web Edition ;
; Revision Name                      ; de2i_150_qsys_pcie                         ;
; Top-level Entity Name              ; de2i_150_qsys_pcie                         ;
; Family                             ; Cyclone IV GX                              ;
; Device                             ; EP4CGX150DF31C7                            ;
; Timing Models                      ; Final                                      ;
; Total logic elements               ; 58,703                                     ;
;     Total combinational functions  ; 46,049                                     ;
;     Dedicated logic registers      ; 26,945                                     ;
; Total registers                    ; 26945                                      ;
; Total pins                         ; 464                                        ;
; Total virtual pins                 ; 1                                          ;
; Total memory bits                  ; 1,609,720                                  ;
; Embedded Multiplier 9-bit elements ; 0                                          ;
; Total GXB Receiver Channel PCS     ; 1                                          ;
; Total GXB Receiver Channel PMA     ; 1                                          ;
; Total GXB Transmitter Channel PCS  ; 1                                          ;
; Total GXB Transmitter Channel PMA  ; 1                                          ;
; Total PLLs                         ; 1                                          ;
+------------------------------------+--------------------------------------------+


+-----------------------------------------+
; Flow Settings                           ;
+-------------------+---------------------+
; Option            ; Setting             ;
+-------------------+---------------------+
; Start date & time ; 07/12/2016 10:51:44 ;
; Main task         ; Compilation         ;
; Revision Name     ; de2i_150_qsys_pcie  ;
+-------------------+---------------------+


+---------------------------------------------------------------------------------------------------------------------------------------------------------------------------------------------+
; Flow Non-Default Global Settings                                                                                                                                                            ;
+---------------------------------------------------+--------------------------------------------------------------------------------------+---------------+---------------+------------------+
; Assignment Name                                   ; Value                                                                                ; Default Value ; Entity Name   ; Section Id       ;
+---------------------------------------------------+--------------------------------------------------------------------------------------+---------------+---------------+------------------+
; COMPILER_SIGNATURE_ID                             ; 119236240293666.146829550203804                                                      ; --            ; --            ; --               ;
; CYCLONEII_OPTIMIZATION_TECHNIQUE                  ; Speed                                                                                ; Balanced      ; --            ; --               ;
; EDA_DESIGN_INSTANCE_NAME                          ; NA                                                                                   ; --            ; --            ; memory_tb        ;
; EDA_NATIVELINK_SIMULATION_TEST_BENCH              ; memory_tb                                                                            ; --            ; --            ; eda_simulation   ;
; EDA_OUTPUT_DATA_FORMAT                            ; Vhdl                                                                                 ; --            ; --            ; eda_simulation   ;
; EDA_SIMULATION_TOOL                               ; ModelSim-Altera (VHDL)                                                               ; <None>        ; --            ; --               ;
; EDA_TEST_BENCH_ENABLE_STATUS                      ; TEST_BENCH_MODE                                                                      ; --            ; --            ; eda_simulation   ;
; EDA_TEST_BENCH_FILE                               ; de2i_150_qsys/synthesis/submodules/memory_tb.v                                       ; --            ; --            ; memory_tb        ;
; EDA_TEST_BENCH_MODULE_NAME                        ; memory_tb                                                                            ; --            ; --            ; memory_tb        ;
; EDA_TEST_BENCH_NAME                               ; memory_tb                                                                            ; --            ; --            ; eda_simulation   ;
; ENABLE_SIGNALTAP                                  ; On                                                                                   ; --            ; --            ; --               ;
; FITTER_EFFORT                                     ; Standard Fit                                                                         ; Auto Fit      ; --            ; --               ;
; MAX_CORE_JUNCTION_TEMP                            ; 85                                                                                   ; --            ; --            ; --               ;
; MIN_CORE_JUNCTION_TEMP                            ; 0                                                                                    ; --            ; --            ; --               ;
; MISC_FILE                                         ; de2i_150_qsys/synthesis/../de2i_150_qsys.cmp                                         ; --            ; --            ; --               ;
; MISC_FILE                                         ; de2i_150_qsys/synthesis/../../de2i_150_qsys.qsys                                     ; --            ; --            ; --               ;
; OUTPUT_IO_TIMING_FAR_END_VMEAS                    ; Half Signal Swing                                                                    ; --            ; --            ; --               ;
; OUTPUT_IO_TIMING_FAR_END_VMEAS                    ; Half Signal Swing                                                                    ; --            ; --            ; --               ;
; OUTPUT_IO_TIMING_NEAR_END_VMEAS                   ; Half Vccio                                                                           ; --            ; --            ; --               ;
; OUTPUT_IO_TIMING_NEAR_END_VMEAS                   ; Half Vccio                                                                           ; --            ; --            ; --               ;
; PARTITION_COLOR                                   ; 16764057                                                                             ; --            ; --            ; Top              ;
; PARTITION_FITTER_PRESERVATION_LEVEL               ; PLACEMENT_AND_ROUTING                                                                ; --            ; --            ; Top              ;
; PARTITION_NETLIST_TYPE                            ; SOURCE                                                                               ; --            ; --            ; Top              ;
; PHYSICAL_SYNTHESIS_ASYNCHRONOUS_SIGNAL_PIPELINING ; On                                                                                   ; Off           ; --            ; --               ;
; PHYSICAL_SYNTHESIS_COMBO_LOGIC                    ; On                                                                                   ; Off           ; --            ; --               ;
; PHYSICAL_SYNTHESIS_EFFORT                         ; Extra                                                                                ; Normal        ; --            ; --               ;
; PHYSICAL_SYNTHESIS_REGISTER_DUPLICATION           ; On                                                                                   ; Off           ; --            ; --               ;
; PHYSICAL_SYNTHESIS_REGISTER_RETIMING              ; On                                                                                   ; Off           ; --            ; --               ;
; POWER_BOARD_THERMAL_MODEL                         ; None (CONSERVATIVE)                                                                  ; --            ; --            ; --               ;
; POWER_PRESET_COOLING_SOLUTION                     ; 23 MM HEAT SINK WITH 200 LFPM AIRFLOW                                                ; --            ; --            ; --               ;
; SLD_FILE                                          ; de2i_150_qsys/synthesis/de2i_150_qsys.regmap                                         ; --            ; --            ; --               ;
; SLD_FILE                                          ; de2i_150_qsys/synthesis/de2i_150_qsys.debuginfo                                      ; --            ; --            ; --               ;
; SLD_FILE                                          ; db/stp3_auto_stripped.stp                                                            ; --            ; --            ; --               ;
; SLD_INFO                                          ; QSYS_NAME de2i_150_qsys HAS_SOPCINFO 1 GENERATION_ID 1464850563                      ; --            ; de2i_150_qsys ; --               ;
; SLD_NODE_CREATOR_ID                               ; 110                                                                                  ; --            ; --            ; auto_signaltap_0 ;
; SLD_NODE_ENTITY_NAME                              ; sld_signaltap                                                                        ; --            ; --            ; auto_signaltap_0 ;
; SLD_NODE_PARAMETER_ASSIGNMENT                     ; SLD_RAM_BLOCK_TYPE=AUTO                                                              ; --            ; --            ; auto_signaltap_0 ;
; SLD_NODE_PARAMETER_ASSIGNMENT                     ; SLD_NODE_INFO=805334528                                                              ; --            ; --            ; auto_signaltap_0 ;
; SLD_NODE_PARAMETER_ASSIGNMENT                     ; SLD_POWER_UP_TRIGGER=0                                                               ; --            ; --            ; auto_signaltap_0 ;
; SLD_NODE_PARAMETER_ASSIGNMENT                     ; SLD_INVERSION_MASK=00000000000000000000000                                           ; --            ; --            ; auto_signaltap_0 ;
; SLD_NODE_PARAMETER_ASSIGNMENT                     ; SLD_INVERSION_MASK_LENGTH=23                                                         ; --            ; --            ; auto_signaltap_0 ;
; SLD_NODE_PARAMETER_ASSIGNMENT                     ; SLD_STORAGE_QUALIFIER_INVERSION_MASK_LENGTH=0                                        ; --            ; --            ; auto_signaltap_0 ;
; SLD_NODE_PARAMETER_ASSIGNMENT                     ; SLD_SEGMENT_SIZE=512                                                                 ; --            ; --            ; auto_signaltap_0 ;
; SLD_NODE_PARAMETER_ASSIGNMENT                     ; SLD_ATTRIBUTE_MEM_MODE=OFF                                                           ; --            ; --            ; auto_signaltap_0 ;
; SLD_NODE_PARAMETER_ASSIGNMENT                     ; SLD_STATE_FLOW_USE_GENERATED=0                                                       ; --            ; --            ; auto_signaltap_0 ;
; SLD_NODE_PARAMETER_ASSIGNMENT                     ; SLD_STATE_BITS=11                                                                    ; --            ; --            ; auto_signaltap_0 ;
; SLD_NODE_PARAMETER_ASSIGNMENT                     ; SLD_BUFFER_FULL_STOP=1                                                               ; --            ; --            ; auto_signaltap_0 ;
; SLD_NODE_PARAMETER_ASSIGNMENT                     ; SLD_CURRENT_RESOURCE_WIDTH=1                                                         ; --            ; --            ; auto_signaltap_0 ;
; SLD_NODE_PARAMETER_ASSIGNMENT                     ; SLD_INCREMENTAL_ROUTING=1                                                            ; --            ; --            ; auto_signaltap_0 ;
; SLD_NODE_PARAMETER_ASSIGNMENT                     ; SLD_TRIGGER_LEVEL=1                                                                  ; --            ; --            ; auto_signaltap_0 ;
; SLD_NODE_PARAMETER_ASSIGNMENT                     ; SLD_SAMPLE_DEPTH=512                                                                 ; --            ; --            ; auto_signaltap_0 ;
; SLD_NODE_PARAMETER_ASSIGNMENT                     ; SLD_TRIGGER_IN_ENABLED=0                                                             ; --            ; --            ; auto_signaltap_0 ;
; SLD_NODE_PARAMETER_ASSIGNMENT                     ; SLD_TRIGGER_LEVEL_PIPELINE=1                                                         ; --            ; --            ; auto_signaltap_0 ;
; SLD_NODE_PARAMETER_ASSIGNMENT                     ; SLD_ENABLE_ADVANCED_TRIGGER=1                                                        ; --            ; --            ; auto_signaltap_0 ;
; SLD_NODE_PARAMETER_ASSIGNMENT                     ; SLD_TRIGGER_BITS=3                                                                   ; --            ; --            ; auto_signaltap_0 ;
; SLD_NODE_PARAMETER_ASSIGNMENT                     ; SLD_ADVANCED_TRIGGER_ENTITY=sld_reserved_de2i_150_qsys_pcie_auto_signaltap_0_1_d9d3, ; --            ; --            ; auto_signaltap_0 ;
; SLD_NODE_PARAMETER_ASSIGNMENT                     ; SLD_DATA_BITS=705                                                                    ; --            ; --            ; auto_signaltap_0 ;
; SLD_NODE_PARAMETER_ASSIGNMENT                     ; SLD_STORAGE_QUALIFIER_BITS=705                                                       ; --            ; --            ; auto_signaltap_0 ;
; SOPCINFO_FILE                                     ; de2i_150_qsys/synthesis/../../de2i_150_qsys.sopcinfo                                 ; --            ; --            ; --               ;
; SYNTHESIS_ONLY_QIP                                ; On                                                                                   ; --            ; --            ; --               ;
; USE_SIGNALTAP_FILE                                ; stp3.stp                                                                             ; --            ; --            ; --               ;
+---------------------------------------------------+--------------------------------------------------------------------------------------+---------------+---------------+------------------+


+--------------------------------------------------------------------------------------------------------------------------+
; Flow Elapsed Time                                                                                                        ;
+----------------------+--------------+-------------------------+---------------------+------------------------------------+
; Module Name          ; Elapsed Time ; Average Processors Used ; Peak Virtual Memory ; Total CPU Time (on all processors) ;
+----------------------+--------------+-------------------------+---------------------+------------------------------------+
; Analysis & Synthesis ; 00:06:37     ; 1.0                     ; 1523 MB             ; 00:07:00                           ;
; Total                ; 00:06:37     ; --                      ; --                  ; 00:07:00                           ;
+----------------------+--------------+-------------------------+---------------------+------------------------------------+


+-----------------------------------------------------------------------------------+
; Flow OS Summary                                                                   ;
+----------------------+------------------+-----------+------------+----------------+
; Module Name          ; Machine Hostname ; OS Name   ; OS Version ; Processor type ;
+----------------------+------------------+-----------+------------+----------------+
; Analysis & Synthesis ; Nguyen-PC        ; Windows 7 ; 6.2        ; x86_64         ;
+----------------------+------------------+-----------+------------+----------------+


------------
; Flow Log ;
------------
quartus_map --read_settings_files=on --write_settings_files=off de2i_150_qsys_pcie -c de2i_150_qsys_pcie



